{"C:\\Users\\Jacqueline\\Documents\\Programming Homework\\SoftwareDesignTeam\\routes\\quoteform.js": {"path":"C:\\Users\\Jacqueline\\Documents\\Programming Homework\\SoftwareDesignTeam\\routes\\quoteform.js","statementMap":{"0":{"start":{"line":1,"column":16},"end":{"line":1,"column":34}},"1":{"start":{"line":2,"column":12},"end":{"line":2,"column":21}},"2":{"start":{"line":3,"column":15},"end":{"line":3,"column":31}},"3":{"start":{"line":4,"column":13},"end":{"line":4,"column":28}},"4":{"start":{"line":5,"column":11},"end":{"line":5,"column":44}},"5":{"start":{"line":6,"column":19},"end":{"line":6,"column":41}},"6":{"start":{"line":9,"column":35},"end":{"line":9,"column":63}},"7":{"start":{"line":11,"column":0},"end":{"line":11,"column":48}},"8":{"start":{"line":12,"column":0},"end":{"line":12,"column":53}},"9":{"start":{"line":15,"column":0},"end":{"line":18,"column":3}},"10":{"start":{"line":16,"column":18},"end":{"line":16,"column":61}},"11":{"start":{"line":17,"column":1},"end":{"line":17,"column":24}},"12":{"start":{"line":21,"column":0},"end":{"line":33,"column":3}},"13":{"start":{"line":22,"column":13},"end":{"line":22,"column":92}},"14":{"start":{"line":23,"column":1},"end":{"line":32,"column":3}},"15":{"start":{"line":24,"column":2},"end":{"line":31,"column":3}},"16":{"start":{"line":25,"column":3},"end":{"line":25,"column":44}},"17":{"start":{"line":26,"column":3},"end":{"line":26,"column":42}},"18":{"start":{"line":29,"column":23},"end":{"line":29,"column":33}},"19":{"start":{"line":30,"column":3},"end":{"line":30,"column":25}},"20":{"start":{"line":36,"column":0},"end":{"line":59,"column":3}},"21":{"start":{"line":40,"column":17},"end":{"line":40,"column":33}},"22":{"start":{"line":41,"column":22},"end":{"line":41,"column":43}},"23":{"start":{"line":42,"column":15},"end":{"line":42,"column":29}},"24":{"start":{"line":43,"column":15},"end":{"line":43,"column":29}},"25":{"start":{"line":45,"column":15},"end":{"line":45,"column":84}},"26":{"start":{"line":46,"column":16},"end":{"line":46,"column":53}},"27":{"start":{"line":48,"column":1},"end":{"line":48,"column":21}},"28":{"start":{"line":50,"column":1},"end":{"line":58,"column":4}},"29":{"start":{"line":51,"column":2},"end":{"line":57,"column":3}},"30":{"start":{"line":52,"column":3},"end":{"line":52,"column":44}},"31":{"start":{"line":53,"column":3},"end":{"line":53,"column":42}},"32":{"start":{"line":56,"column":3},"end":{"line":56,"column":40}},"33":{"start":{"line":61,"column":0},"end":{"line":61,"column":24}}},"fnMap":{"0":{"name":"(anonymous_0)","decl":{"start":{"line":15,"column":21},"end":{"line":15,"column":22}},"loc":{"start":{"line":15,"column":35},"end":{"line":18,"column":1}},"line":15},"1":{"name":"(anonymous_1)","decl":{"start":{"line":21,"column":20},"end":{"line":21,"column":21}},"loc":{"start":{"line":21,"column":34},"end":{"line":33,"column":1}},"line":21},"2":{"name":"(anonymous_2)","decl":{"start":{"line":23,"column":17},"end":{"line":23,"column":18}},"loc":{"start":{"line":23,"column":37},"end":{"line":32,"column":2}},"line":23},"3":{"name":"(anonymous_3)","decl":{"start":{"line":39,"column":3},"end":{"line":39,"column":4}},"loc":{"start":{"line":39,"column":16},"end":{"line":59,"column":1}},"line":39},"4":{"name":"(anonymous_4)","decl":{"start":{"line":50,"column":25},"end":{"line":50,"column":26}},"loc":{"start":{"line":50,"column":45},"end":{"line":58,"column":2}},"line":50}},"branchMap":{"0":{"loc":{"start":{"line":24,"column":2},"end":{"line":31,"column":3}},"type":"if","locations":[{"start":{"line":24,"column":2},"end":{"line":31,"column":3}},{"start":{"line":28,"column":7},"end":{"line":31,"column":3}}],"line":24},"1":{"loc":{"start":{"line":51,"column":2},"end":{"line":57,"column":3}},"type":"if","locations":[{"start":{"line":51,"column":2},"end":{"line":57,"column":3}},{"start":{"line":55,"column":7},"end":{"line":57,"column":3}}],"line":51}},"s":{"0":1,"1":1,"2":1,"3":1,"4":1,"5":1,"6":1,"7":1,"8":1,"9":1,"10":1,"11":1,"12":1,"13":1,"14":1,"15":1,"16":0,"17":0,"18":1,"19":1,"20":1,"21":1,"22":1,"23":1,"24":1,"25":1,"26":1,"27":1,"28":1,"29":0,"30":0,"31":0,"32":0,"33":1},"f":{"0":1,"1":1,"2":1,"3":1,"4":0},"b":{"0":[0,1],"1":[0,0]},"_coverageSchema":"1a1c01bbd47fc00a2c39e90264f33305004495a9","hash":"b08c16e8145cdccb0123cbbb44b2c7eddca10078"}
}
